<?xml version="1.0" encoding="UTF-8"?>
<!-- Generated by org.testng.reporters.JUnitReportReporter -->
<testsuite name="com.actitime.testscript.CustomerTest" tests="1" time="40.919" ignored="0" failures="0" timestamp="19 Jun 2020 03:59:03 GMT" skipped="0" hostname="DESKTOP-EM8SP10" errors="0">
  <testcase name="testCreateCustomer" time="40.919" classname="com.actitime.testscript.CustomerTest"/>
</testsuite> <!-- com.actitime.testscript.CustomerTest -->
